<?xml version="1.0" encoding="UTF-8"?>
<!-- Generated by org.testng.reporters.JUnitReportReporter -->
<testsuite hostname="JVBRRR" failures="0" tests="1" name="runner.Runner" time="5.568" errors="0" timestamp="2023-01-03T17:48:15 IST" skipped="0">
  <testcase classname="runner.Runner" name="runScenario" time="5.568"/>
  <system-out/>
</testsuite> <!-- runner.Runner -->
